<?xml version="1.0" encoding="UTF-8"?>
<testng-results ignored="0" total="1" passed="1" failed="0" skipped="0">
  <reporter-output>
  </reporter-output>
  <suite started-at="2020-07-25T09:17:23 CEST" name="it.grimiandr.test.app.main.MainTest" finished-at="2020-07-25T09:17:24 CEST" duration-ms="332">
    <groups>
    </groups>
    <test started-at="2020-07-25T09:17:23 CEST" name="Command line test" finished-at="2020-07-25T09:17:24 CEST" duration-ms="332">
      <class name="it.grimiandr.test.app.main.MainTest">
        <test-method signature="shouldAuthenticateUser()[pri:0, instance:it.grimiandr.test.app.main.MainTest@6950e31]" started-at="2020-07-25T09:17:23 CEST" name="shouldAuthenticateUser" finished-at="2020-07-25T09:17:24 CEST" duration-ms="299" status="PASS">
          <reporter-output>
          </reporter-output>
        </test-method> <!-- shouldAuthenticateUser -->
      </class> <!-- it.grimiandr.test.app.main.MainTest -->
    </test> <!-- Command line test -->
  </suite> <!-- it.grimiandr.test.app.main.MainTest -->
</testng-results>
